IOT_Software/Radial-Menu-Widget-Android/app/build/outputs/logs/manifest-merger-debug-report.txt
-- Merging decision tree log ---
manifest
ADDED from src\main\AndroidManifest.xml:2:1-28:12
	package
		ADDED from src\main\AndroidManifest.xml:3:5-44
		INJECTED from src\main\AndroidManifest.xml
		INJECTED from src\main\AndroidManifest.xml
	android:versionName
		ADDED from src\main\AndroidManifest.xml:5:5-30
		INJECTED from src\main\AndroidManifest.xml
		INJECTED from src\main\AndroidManifest.xml
	android:versionCode
		ADDED from src\main\AndroidManifest.xml:4:5-28
		INJECTED from src\main\AndroidManifest.xml
		INJECTED from src\main\AndroidManifest.xml
	xmlns:android
		ADDED from src\main\AndroidManifest.xml:2:11-69
uses-sdk
ADDED from src\main\AndroidManifest.xml:7:5-73
	android:targetSdkVersion
		ADDED from src\main\AndroidManifest.xml:7:42-71
		INJECTED from src\main\AndroidManifest.xml
		INJECTED from src\main\AndroidManifest.xml
	android:minSdkVersion
		ADDED from src\main\AndroidManifest.xml:7:15-41
		INJECTED from src\main\AndroidManifest.xml
		INJECTED from src\main\AndroidManifest.xml
application
ADDED from src\main\AndroidManifest.xml:9:5-26:19
	android:label
		ADDED from src\main\AndroidManifest.xml:12:9-41
	android:hardwareAccelerated
		ADDED from src\main\AndroidManifest.xml:13:9-44
	android:allowBackup
		ADDED from src\main\AndroidManifest.xml:10:9-35
	android:icon
		ADDED from src\main\AndroidManifest.xml:11:9-45
activity#com.touchmenotapps.radialdemo.MainMenu
ADDED from src\main\AndroidManifest.xml:14:9-21:20
	android:label
		ADDED from src\main\AndroidManifest.xml:16:13-45
	android:name
		ADDED from src\main\AndroidManifest.xml:15:13-37
intent-filter#android.intent.action.MAIN+android.intent.category.LAUNCHER
ADDED from src\main\AndroidManifest.xml:17:13-20:29
action#android.intent.action.MAIN
ADDED from src\main\AndroidManifest.xml:18:17-69
	android:name
		ADDED from src\main\AndroidManifest.xml:18:25-66
category#android.intent.category.LAUNCHER
ADDED from src\main\AndroidManifest.xml:19:17-77
	android:name
		ADDED from src\main\AndroidManifest.xml:19:27-74
activity#com.touchmenotapps.radialdemo.AltRadialMenuActivity
ADDED from src\main\AndroidManifest.xml:22:9-89
	android:label
		ADDED from src\main\AndroidManifest.xml:22:57-87
	android:name
		ADDED from src\main\AndroidManifest.xml:22:19-56
activity#com.touchmenotapps.radialdemo.RadialMenuActivity
ADDED from src\main\AndroidManifest.xml:23:9-86
	android:label
		ADDED from src\main\AndroidManifest.xml:23:54-84
	android:name
		ADDED from src\main\AndroidManifest.xml:23:19-53
activity#com.touchmenotapps.radialdemo.RadialProgressActivity
ADDED from src\main\AndroidManifest.xml:24:9-91
	android:label
		ADDED from src\main\AndroidManifest.xml:24:58-89
	android:name
		ADDED from src\main\AndroidManifest.xml:24:19-57
activity#com.touchmenotapps.radialdemo.SemiCircularRadialMenuActivity
ADDED from src\main\AndroidManifest.xml:25:9-109
	android:label
		ADDED from src\main\AndroidManifest.xml:25:66-107
	android:name
		ADDED from src\main\AndroidManifest.xml:25:19-65